Using pre-set license
Built from '2020.3/staging' branch; Version is '2020.3.4f1 (0abb6314276a) revision 703331'; Using compiler version '192528614'; Build Type 'Release'
OS: 'Windows 10 Home; OS build 19042.1110; Version 2009; 64bit' Language: 'en' Physical Memory: 16326 MB
BatchMode: 1, IsHumanControllingUs: 0, StartBugReporterOnCrash: 0, Is64bit: 1, IsPro: 0

 COMMAND LINE ARGUMENTS:
C:\Program Files\Unity\Hub\Editor\2020.3.4f1\Editor\Unity.exe
-adb2
-batchMode
-noUpm
-name
AssetImportWorker0
-projectPath
E:/gitrepos/Abjure
-logFile
Logs/AssetImportWorker0.log
-srvPort
49911
Successfully changed project path to: E:/gitrepos/Abjure
E:/gitrepos/Abjure
Using Asset Import Pipeline V2.
Refreshing native plugins compatible for Editor in 37.51 ms, found 1 plugins.
Preloading 0 native plugins for Editor in 0.00 ms.
Initialize engine version: 2020.3.4f1 (0abb6314276a)
[Subsystems] Discovering subsystems at path C:/Program Files/Unity/Hub/Editor/2020.3.4f1/Editor/Data/Resources/UnitySubsystems
[Subsystems] Discovering subsystems at path E:/gitrepos/Abjure/Assets
GfxDevice: creating device client; threaded=0
Direct3D:
    Version:  Direct3D 11.0 [level 11.1]
    Renderer: NVIDIA GeForce GTX 980 (ID=0x13c0)
    Vendor:   
    VRAM:     4053 MB
    Driver:   30.0.14.7111
Initialize mono
Mono path[0] = 'C:/Program Files/Unity/Hub/Editor/2020.3.4f1/Editor/Data/Managed'
Mono path[1] = 'C:/Program Files/Unity/Hub/Editor/2020.3.4f1/Editor/Data/MonoBleedingEdge/lib/mono/unityjit'
Mono config path = 'C:/Program Files/Unity/Hub/Editor/2020.3.4f1/Editor/Data/MonoBleedingEdge/etc'
Using monoOptions --debugger-agent=transport=dt_socket,embedding=1,server=y,suspend=n,address=127.0.0.1:56360
Begin MonoManager ReloadAssembly
Registering precompiled unity dll's ...
Register platform support module: C:/Program Files/Unity/Hub/Editor/2020.3.4f1/Editor/Data/PlaybackEngines/WebGLSupport/UnityEditor.WebGL.Extensions.dll
Register platform support module: C:/Program Files/Unity/Hub/Editor/2020.3.4f1/Editor/Data/PlaybackEngines/WindowsStandaloneSupport/UnityEditor.WindowsStandalone.Extensions.dll
Registered in 0.006447 seconds.
Native extension for WindowsStandalone target not found
Native extension for WebGL target not found
Refreshing native plugins compatible for Editor in 38.60 ms, found 1 plugins.
Preloading 0 native plugins for Editor in 0.00 ms.
Mono: successfully reloaded assembly
- Completed reload, in  1.863 seconds
Platform modules already initialized, skipping
Registering precompiled user dll's ...
Registered in 0.001861 seconds.
Begin MonoManager ReloadAssembly
Native extension for WindowsStandalone target not found
Native extension for WebGL target not found
Refreshing native plugins compatible for Editor in 35.17 ms, found 1 plugins.
Preloading 0 native plugins for Editor in 0.00 ms.
Mono: successfully reloaded assembly
- Completed reload, in  0.978 seconds
Platform modules already initialized, skipping
========================================================================
Worker process is ready to serve import requests
Launched and connected shader compiler UnityShaderCompiler.exe after 0.10 seconds
Refreshing native plugins compatible for Editor in 0.39 ms, found 1 plugins.
Preloading 0 native plugins for Editor in 0.00 ms.
Unloading 1819 Unused Serialized files (Serialized files now loaded: 0)
System memory in use before: 85.1 MB.
System memory in use after: 85.2 MB.

Unloading 19 unused Assets to reduce memory usage. Loaded Objects now: 2268.
Total: 2.026600 ms (FindLiveObjects: 0.206200 ms CreateObjectMapping: 0.071100 ms MarkObjects: 1.679000 ms  DeleteObjects: 0.069000 ms)

========================================================================
Received Import Request.
  path: Assets/TutorialAssets/Sprites/hex-sliced_39.png
  artifactKey: Guid(a850e3cb437227244bbc4b9b7636ed96) Importer(815301076,1909f56bfc062723c751e8b465ee728b)
Start importing Assets/TutorialAssets/Sprites/hex-sliced_39.png using Guid(a850e3cb437227244bbc4b9b7636ed96) Importer(815301076,1909f56bfc062723c751e8b465ee728b)  -> (artifact id: 'eed054e130285f194b1173fa14ad0061') in 0.217222 seconds
  Import took 0.220288 seconds .

========================================================================
Received Import Request.
  Time since last request: 0.000504 seconds.
  path: Assets/TutorialAssets/Sprites/hex-sliced_53.png
  artifactKey: Guid(cc502a41dd51d89409115ee643436b2c) Importer(815301076,1909f56bfc062723c751e8b465ee728b)
Start importing Assets/TutorialAssets/Sprites/hex-sliced_53.png using Guid(cc502a41dd51d89409115ee643436b2c) Importer(815301076,1909f56bfc062723c751e8b465ee728b)  -> (artifact id: '2e2cba4b8d43f0717823b76adf867146') in 0.043858 seconds
  Import took 0.046890 seconds .

========================================================================
Received Import Request.
  Time since last request: 0.000343 seconds.
  path: Assets/TutorialAssets/Sprites/hex-sliced_08.png
  artifactKey: Guid(0a59eb9d63c40ed4eaa8b0c2dd55bd06) Importer(815301076,1909f56bfc062723c751e8b465ee728b)
Start importing Assets/TutorialAssets/Sprites/hex-sliced_08.png using Guid(0a59eb9d63c40ed4eaa8b0c2dd55bd06) Importer(815301076,1909f56bfc062723c751e8b465ee728b)  -> (artifact id: '9f3a49d1190598a669aa1463a33b8700') in 0.058706 seconds
  Import took 0.065377 seconds .

========================================================================
Received Import Request.
  Time since last request: 0.000487 seconds.
  path: Assets/TutorialAssets/Sprites/hex-sliced_05.png
  artifactKey: Guid(5c92f3ec146957e48b5839b83fa28315) Importer(815301076,1909f56bfc062723c751e8b465ee728b)
Start importing Assets/TutorialAssets/Sprites/hex-sliced_05.png using Guid(5c92f3ec146957e48b5839b83fa28315) Importer(815301076,1909f56bfc062723c751e8b465ee728b)  -> (artifact id: 'ff06cf15dc01dc7083c563b7cef54042') in 0.045159 seconds
  Import took 0.054227 seconds .

========================================================================
Received Import Request.
  Time since last request: 0.000260 seconds.
  path: Assets/TutorialAssets/Sprites/hex-sliced_47.png
  artifactKey: Guid(769c311a90c4a234383a8af6191aad14) Importer(815301076,1909f56bfc062723c751e8b465ee728b)
Start importing Assets/TutorialAssets/Sprites/hex-sliced_47.png using Guid(769c311a90c4a234383a8af6191aad14) Importer(815301076,1909f56bfc062723c751e8b465ee728b)  -> (artifact id: '36ee7ee4c3827d97c38f8eeaa26dea74') in 0.048120 seconds
  Import took 0.051259 seconds .

========================================================================
Received Import Request.
  Time since last request: 0.000328 seconds.
  path: Assets/TutorialAssets/Sprites/hex-sliced_11.png
  artifactKey: Guid(9773f54f825daa34180a946d9e6895c3) Importer(815301076,1909f56bfc062723c751e8b465ee728b)
Start importing Assets/TutorialAssets/Sprites/hex-sliced_11.png using Guid(9773f54f825daa34180a946d9e6895c3) Importer(815301076,1909f56bfc062723c751e8b465ee728b)  -> (artifact id: '9d5736f988d707fd5b37b79efa73f16e') in 0.091656 seconds
  Import took 0.097612 seconds .

========================================================================
Received Import Request.
  Time since last request: 0.000393 seconds.
  path: Assets/TutorialAssets/Sprites/hex-sliced_19.png
  artifactKey: Guid(a033570a92209ae4d9c7c721159bc5b5) Importer(815301076,1909f56bfc062723c751e8b465ee728b)
Start importing Assets/TutorialAssets/Sprites/hex-sliced_19.png using Guid(a033570a92209ae4d9c7c721159bc5b5) Importer(815301076,1909f56bfc062723c751e8b465ee728b)  -> (artifact id: 'e11c75783ac28467583d46aff9edb94b') in 0.045791 seconds
  Import took 0.051511 seconds .

========================================================================
Received Import Request.
  Time since last request: 0.000603 seconds.
  path: Assets/TutorialAssets/Sprites/hex-sliced_27.png
  artifactKey: Guid(42944e4d4dfd0db4383fea3ac007a80a) Importer(815301076,1909f56bfc062723c751e8b465ee728b)
Start importing Assets/TutorialAssets/Sprites/hex-sliced_27.png using Guid(42944e4d4dfd0db4383fea3ac007a80a) Importer(815301076,1909f56bfc062723c751e8b465ee728b)  -> (artifact id: 'b5bc905efa6a446d6066f7c3174b57a4') in 0.052040 seconds
  Import took 0.057096 seconds .

========================================================================
Received Import Request.
  Time since last request: 0.000365 seconds.
  path: Assets/TutorialAssets/Sprites/hex-sliced_03.png
  artifactKey: Guid(25a968242dba53f4daeb862228d2a57e) Importer(815301076,1909f56bfc062723c751e8b465ee728b)
Start importing Assets/TutorialAssets/Sprites/hex-sliced_03.png using Guid(25a968242dba53f4daeb862228d2a57e) Importer(815301076,1909f56bfc062723c751e8b465ee728b)  -> (artifact id: 'f53b0fbdaba155449b73070583a8157e') in 0.023273 seconds
  Import took 0.027671 seconds .

========================================================================
Received Import Request.
  Time since last request: 0.000346 seconds.
  path: Assets/TutorialAssets/Sprites/hex-sliced_29.png
  artifactKey: Guid(c764768038379494b9f8f951d9439747) Importer(815301076,1909f56bfc062723c751e8b465ee728b)
Start importing Assets/TutorialAssets/Sprites/hex-sliced_29.png using Guid(c764768038379494b9f8f951d9439747) Importer(815301076,1909f56bfc062723c751e8b465ee728b)  -> (artifact id: '767d0455a1cf73af6d08d7534df99cb0') in 0.021151 seconds
  Import took 0.025135 seconds .

========================================================================
Received Import Request.
  Time since last request: 0.000334 seconds.
  path: Assets/TutorialAssets/Sprites/hex-sliced_24.png
  artifactKey: Guid(361f44e398172b948bfb9261cabcfd87) Importer(815301076,1909f56bfc062723c751e8b465ee728b)
Start importing Assets/TutorialAssets/Sprites/hex-sliced_24.png using Guid(361f44e398172b948bfb9261cabcfd87) Importer(815301076,1909f56bfc062723c751e8b465ee728b)  -> (artifact id: '1c71dc235402faa35163ca0db3cfa540') in 0.018823 seconds
  Import took 0.023511 seconds .

========================================================================
Received Import Request.
  Time since last request: 0.000345 seconds.
  path: Assets/TutorialAssets/Sprites/hex-sliced_13.png
  artifactKey: Guid(25c7a15a3bc26ce4cabf5dfae66201e3) Importer(815301076,1909f56bfc062723c751e8b465ee728b)
Start importing Assets/TutorialAssets/Sprites/hex-sliced_13.png using Guid(25c7a15a3bc26ce4cabf5dfae66201e3) Importer(815301076,1909f56bfc062723c751e8b465ee728b)  -> (artifact id: '1f6f137951b795bd9889308e1d44fd73') in 0.020716 seconds
  Import took 0.024508 seconds .

========================================================================
Received Import Request.
  Time since last request: 0.000306 seconds.
  path: Assets/TutorialAssets/Sprites/hex-sliced_31.png
  artifactKey: Guid(72f13be8376eb3f42a1c7c845fdc9c8e) Importer(815301076,1909f56bfc062723c751e8b465ee728b)
Start importing Assets/TutorialAssets/Sprites/hex-sliced_31.png using Guid(72f13be8376eb3f42a1c7c845fdc9c8e) Importer(815301076,1909f56bfc062723c751e8b465ee728b)  -> (artifact id: '5108945da38166c4e0715590bb84c5ed') in 0.034305 seconds
  Import took 0.041491 seconds .

========================================================================
Received Import Request.
  Time since last request: 0.000560 seconds.
  path: Assets/TutorialAssets/Sprites/hex-sliced_49.png
  artifactKey: Guid(1b87aec1ab094024caebdb61a5435ec2) Importer(815301076,1909f56bfc062723c751e8b465ee728b)
Start importing Assets/TutorialAssets/Sprites/hex-sliced_49.png using Guid(1b87aec1ab094024caebdb61a5435ec2) Importer(815301076,1909f56bfc062723c751e8b465ee728b)  -> (artifact id: 'daaebd23bfa2e50dd534f7c4fa249b81') in 0.047028 seconds
  Import took 0.053836 seconds .

========================================================================
Received Import Request.
  Time since last request: 0.000665 seconds.
  path: Assets/TutorialAssets/Sprites/hex-sliced_51.png
  artifactKey: Guid(bfa68fa1ecab7bc41b2b30c9fb798d0b) Importer(815301076,1909f56bfc062723c751e8b465ee728b)
Start importing Assets/TutorialAssets/Sprites/hex-sliced_51.png using Guid(bfa68fa1ecab7bc41b2b30c9fb798d0b) Importer(815301076,1909f56bfc062723c751e8b465ee728b)  -> (artifact id: '7ac547132d2b86ad7a86600ce03f6d3c') in 0.055979 seconds
  Import took 0.060503 seconds .

========================================================================
Received Import Request.
  Time since last request: 0.000911 seconds.
  path: Assets/TutorialAssets/Sprites/hex-sliced_01.png
  artifactKey: Guid(159b43ce33536fc49b5d48b54deae26e) Importer(815301076,1909f56bfc062723c751e8b465ee728b)
Start importing Assets/TutorialAssets/Sprites/hex-sliced_01.png using Guid(159b43ce33536fc49b5d48b54deae26e) Importer(815301076,1909f56bfc062723c751e8b465ee728b)  -> (artifact id: '4ca5341cd144a9e6b4df059d865c14aa') in 0.054935 seconds
  Import took 0.074312 seconds .

========================================================================
Received Import Request.
  Time since last request: 0.000422 seconds.
  path: Assets/TutorialAssets/Sprites/hex-sliced_25.png
  artifactKey: Guid(da1eda92c7749c548bb342963848aac6) Importer(815301076,1909f56bfc062723c751e8b465ee728b)
Start importing Assets/TutorialAssets/Sprites/hex-sliced_25.png using Guid(da1eda92c7749c548bb342963848aac6) Importer(815301076,1909f56bfc062723c751e8b465ee728b)  -> (artifact id: 'f7a8d8b0eefdd46f88c2cdb5e361dc40') in 0.051293 seconds
  Import took 0.055962 seconds .

========================================================================
Received Import Request.
  Time since last request: 0.000341 seconds.
  path: Assets/TutorialAssets/Sprites/hex-sliced_46.png
  artifactKey: Guid(22abad6aac53adb4f9458354ef74bc32) Importer(815301076,1909f56bfc062723c751e8b465ee728b)
Start importing Assets/TutorialAssets/Sprites/hex-sliced_46.png using Guid(22abad6aac53adb4f9458354ef74bc32) Importer(815301076,1909f56bfc062723c751e8b465ee728b)  -> (artifact id: '1b4327485676e029e81e8d937ba4e384') in 0.043987 seconds
  Import took 0.048155 seconds .

========================================================================
Received Import Request.
  Time since last request: 0.000291 seconds.
  path: Assets/TutorialAssets/Sprites/hex-sliced_36.png
  artifactKey: Guid(ab6e01dfc06c8fd46a222a421b0ae0d0) Importer(815301076,1909f56bfc062723c751e8b465ee728b)
Start importing Assets/TutorialAssets/Sprites/hex-sliced_36.png using Guid(ab6e01dfc06c8fd46a222a421b0ae0d0) Importer(815301076,1909f56bfc062723c751e8b465ee728b)  -> (artifact id: '47323c273fdf30b92d4b17b31b8273ee') in 0.052285 seconds
  Import took 0.056117 seconds .

========================================================================
Received Import Request.
  Time since last request: 0.000307 seconds.
  path: Assets/TutorialAssets/Sprites/hex-sliced_55.png
  artifactKey: Guid(2737e736644300b499af0f9ae935cb72) Importer(815301076,1909f56bfc062723c751e8b465ee728b)
Start importing Assets/TutorialAssets/Sprites/hex-sliced_55.png using Guid(2737e736644300b499af0f9ae935cb72) Importer(815301076,1909f56bfc062723c751e8b465ee728b)  -> (artifact id: '20466803e5f56927b6643f00fff6887c') in 0.066819 seconds
  Import took 0.070085 seconds .

========================================================================
Received Import Request.
  Time since last request: 0.000345 seconds.
  path: Assets/TutorialAssets/Sprites/hex-sliced_10.png
  artifactKey: Guid(f3671c3935f012845bff1027f68c40ab) Importer(815301076,1909f56bfc062723c751e8b465ee728b)
Start importing Assets/TutorialAssets/Sprites/hex-sliced_10.png using Guid(f3671c3935f012845bff1027f68c40ab) Importer(815301076,1909f56bfc062723c751e8b465ee728b)  -> (artifact id: 'cb45c6fd80794c33caf10e1ef5719ae0') in 0.021829 seconds
  Import took 0.026140 seconds .

========================================================================
Received Import Request.
  Time since last request: 0.000486 seconds.
  path: Assets/TutorialAssets/Sprites/hex-sliced_07.png
  artifactKey: Guid(62a8c4d3cb5f52f498d040eca94645f1) Importer(815301076,1909f56bfc062723c751e8b465ee728b)
Start importing Assets/TutorialAssets/Sprites/hex-sliced_07.png using Guid(62a8c4d3cb5f52f498d040eca94645f1) Importer(815301076,1909f56bfc062723c751e8b465ee728b)  -> (artifact id: 'f2adbb25e6641fe9da66e836382e7f12') in 0.032961 seconds
  Import took 0.039483 seconds .

========================================================================
Received Import Request.
  Time since last request: 0.000639 seconds.
  path: Assets/TutorialAssets/Sprites/hex-sliced_28.png
  artifactKey: Guid(18d96ab9487052e478e9089c6d8303a1) Importer(815301076,1909f56bfc062723c751e8b465ee728b)
Start importing Assets/TutorialAssets/Sprites/hex-sliced_28.png using Guid(18d96ab9487052e478e9089c6d8303a1) Importer(815301076,1909f56bfc062723c751e8b465ee728b)  -> (artifact id: '285c512ba9b8c234ec8a3d0bf972642e') in 0.044565 seconds
  Import took 0.049768 seconds .

========================================================================
Received Import Request.
  Time since last request: 0.000298 seconds.
  path: Assets/TutorialAssets/Sprites/hex-sliced_54.png
  artifactKey: Guid(2cfc7c21f44666d49ae04c77dac81cf9) Importer(815301076,1909f56bfc062723c751e8b465ee728b)
Start importing Assets/TutorialAssets/Sprites/hex-sliced_54.png using Guid(2cfc7c21f44666d49ae04c77dac81cf9) Importer(815301076,1909f56bfc062723c751e8b465ee728b)  -> (artifact id: '4e1a0c020337258b13111d31ce558108') in 0.025409 seconds
  Import took 0.028993 seconds .

========================================================================
Received Import Request.
  Time since last request: 0.000328 seconds.
  path: Assets/TutorialAssets/Sprites/hex-sliced_16.png
  artifactKey: Guid(d784325615a3c0b47aeb685fa0fcf7c5) Importer(815301076,1909f56bfc062723c751e8b465ee728b)
Start importing Assets/TutorialAssets/Sprites/hex-sliced_16.png using Guid(d784325615a3c0b47aeb685fa0fcf7c5) Importer(815301076,1909f56bfc062723c751e8b465ee728b)  -> (artifact id: 'ed639e46de84406202ab4cbff296b406') in 0.031031 seconds
  Import took 0.034640 seconds .

========================================================================
Received Import Request.
  Time since last request: 0.000329 seconds.
  path: Assets/TutorialAssets/Sprites/hex-sliced_35.png
  artifactKey: Guid(f7870a2358f31334ebd1a8515f569d74) Importer(815301076,1909f56bfc062723c751e8b465ee728b)
Start importing Assets/TutorialAssets/Sprites/hex-sliced_35.png using Guid(f7870a2358f31334ebd1a8515f569d74) Importer(815301076,1909f56bfc062723c751e8b465ee728b)  -> (artifact id: '5e72ea0de31b5e53a6735d2c8d9039a5') in 0.021500 seconds
  Import took 0.024976 seconds .

========================================================================
Received Import Request.
  Time since last request: 0.000304 seconds.
  path: Assets/TutorialAssets/Sprites/hex-sliced_26.png
  artifactKey: Guid(668284f42de193b43bb77202d5e2474e) Importer(815301076,1909f56bfc062723c751e8b465ee728b)
Start importing Assets/TutorialAssets/Sprites/hex-sliced_26.png using Guid(668284f42de193b43bb77202d5e2474e) Importer(815301076,1909f56bfc062723c751e8b465ee728b)  -> (artifact id: '22ec42502b3d572343dd58b4cadb7a45') in 0.044448 seconds
  Import took 0.048384 seconds .

========================================================================
Received Import Request.
  Time since last request: 0.000299 seconds.
  path: Assets/TutorialAssets/Sprites/hex-sliced_18.png
  artifactKey: Guid(5a0e0655117db5441b2aba93fd7814d2) Importer(815301076,1909f56bfc062723c751e8b465ee728b)
Start importing Assets/TutorialAssets/Sprites/hex-sliced_18.png using Guid(5a0e0655117db5441b2aba93fd7814d2) Importer(815301076,1909f56bfc062723c751e8b465ee728b)  -> (artifact id: '95a8480a7835e8e4ec7472ddff6d57c2') in 0.018327 seconds
  Import took 0.021768 seconds .

========================================================================
Received Import Request.
  Time since last request: 0.000413 seconds.
  path: Assets/TutorialAssets/Sprites/hex-sliced_44.png
  artifactKey: Guid(e21a65effe19619458cb68008b23df18) Importer(815301076,1909f56bfc062723c751e8b465ee728b)
Start importing Assets/TutorialAssets/Sprites/hex-sliced_44.png using Guid(e21a65effe19619458cb68008b23df18) Importer(815301076,1909f56bfc062723c751e8b465ee728b)  -> (artifact id: 'c7a3894ea0ca55e3f0ae9f499fa58f48') in 0.037686 seconds
  Import took 0.040792 seconds .

========================================================================
Received Import Request.
  Time since last request: 0.000323 seconds.
  path: Assets/TutorialAssets/Sprites/hex-sliced_41.png
  artifactKey: Guid(09c490b695820a04f807a86331d80b70) Importer(815301076,1909f56bfc062723c751e8b465ee728b)
Start importing Assets/TutorialAssets/Sprites/hex-sliced_41.png using Guid(09c490b695820a04f807a86331d80b70) Importer(815301076,1909f56bfc062723c751e8b465ee728b)  -> (artifact id: 'd233ccb2d477ec984fc2d1afedc93aba') in 0.018452 seconds
  Import took 0.022030 seconds .

========================================================================
Received Import Request.
  Time since last request: 0.000425 seconds.
  path: Assets/TutorialAssets/Sprites/hex-sliced_33.png
  artifactKey: Guid(b065c566495121c4189b4c46ba6807c0) Importer(815301076,1909f56bfc062723c751e8b465ee728b)
Start importing Assets/TutorialAssets/Sprites/hex-sliced_33.png using Guid(b065c566495121c4189b4c46ba6807c0) Importer(815301076,1909f56bfc062723c751e8b465ee728b)  -> (artifact id: 'cd922bec5238bfa906d6b890c1c76ac8') in 0.021982 seconds
  Import took 0.025377 seconds .

========================================================================
Received Import Request.
  Time since last request: 0.000450 seconds.
  path: Assets/TutorialAssets/Sprites/hex-sliced_56.png
  artifactKey: Guid(686ee9eeb368418408fdf3cc4909abcd) Importer(815301076,1909f56bfc062723c751e8b465ee728b)
Start importing Assets/TutorialAssets/Sprites/hex-sliced_56.png using Guid(686ee9eeb368418408fdf3cc4909abcd) Importer(815301076,1909f56bfc062723c751e8b465ee728b)  -> (artifact id: '1f6df4d95d740e612e25cf94804ab9b0') in 0.040117 seconds
  Import took 0.043480 seconds .

========================================================================
Received Import Request.
  Time since last request: 0.000399 seconds.
  path: Assets/TutorialAssets/Sprites/hex-sliced_30.png
  artifactKey: Guid(4ac635f94f84b4f4fa2f7b10c7c6df8c) Importer(815301076,1909f56bfc062723c751e8b465ee728b)
Start importing Assets/TutorialAssets/Sprites/hex-sliced_30.png using Guid(4ac635f94f84b4f4fa2f7b10c7c6df8c) Importer(815301076,1909f56bfc062723c751e8b465ee728b)  -> (artifact id: 'ded08a48340d77975bbccb23eb9533e9') in 0.022452 seconds
  Import took 0.026093 seconds .

========================================================================
Received Import Request.
  Time since last request: 0.000303 seconds.
  path: Assets/TutorialAssets/Sprites/hex-sliced_02.png
  artifactKey: Guid(25f843804db086248a35913fce5d5def) Importer(815301076,1909f56bfc062723c751e8b465ee728b)
Start importing Assets/TutorialAssets/Sprites/hex-sliced_02.png using Guid(25f843804db086248a35913fce5d5def) Importer(815301076,1909f56bfc062723c751e8b465ee728b)  -> (artifact id: 'ddd008f30b2ae22f4660cda7e99f90bf') in 0.019195 seconds
  Import took 0.023162 seconds .

========================================================================
Received Import Request.
  Time since last request: 0.000368 seconds.
  path: Assets/TutorialAssets/Sprites/hex-sliced_37.png
  artifactKey: Guid(6d6c2215fdf1a454b8b9cc44b33485fd) Importer(815301076,1909f56bfc062723c751e8b465ee728b)
Start importing Assets/TutorialAssets/Sprites/hex-sliced_37.png using Guid(6d6c2215fdf1a454b8b9cc44b33485fd) Importer(815301076,1909f56bfc062723c751e8b465ee728b)  -> (artifact id: 'ad4eae78dc2cc63c01412aa1af0db8c4') in 0.035433 seconds
  Import took 0.039017 seconds .

========================================================================
Received Import Request.
  Time since last request: 0.000319 seconds.
  path: Assets/TutorialAssets/Sprites/hex-sliced_43.png
  artifactKey: Guid(65be6319845f0d7428ee5d6bfa87cb28) Importer(815301076,1909f56bfc062723c751e8b465ee728b)
Start importing Assets/TutorialAssets/Sprites/hex-sliced_43.png using Guid(65be6319845f0d7428ee5d6bfa87cb28) Importer(815301076,1909f56bfc062723c751e8b465ee728b)  -> (artifact id: 'b4bcbf1fb2a1a82552db5bb090002032') in 0.045468 seconds
  Import took 0.048542 seconds .

========================================================================
Received Import Request.
  Time since last request: 0.000409 seconds.
  path: Assets/TutorialAssets/Sprites/hex-sliced_42.png
  artifactKey: Guid(c9bc8e040cdc62a408be641659432770) Importer(815301076,1909f56bfc062723c751e8b465ee728b)
Start importing Assets/TutorialAssets/Sprites/hex-sliced_42.png using Guid(c9bc8e040cdc62a408be641659432770) Importer(815301076,1909f56bfc062723c751e8b465ee728b)  -> (artifact id: 'de719c66dffd5ccbe6f248c4600c9688') in 0.070844 seconds
  Import took 0.076965 seconds .

========================================================================
Received Import Request.
  Time since last request: 0.000713 seconds.
  path: Assets/TutorialAssets/Sprites/hex-sliced_50.png
  artifactKey: Guid(4f9f4fa541bc1b346b9bc4e0e2e0596b) Importer(815301076,1909f56bfc062723c751e8b465ee728b)
Start importing Assets/TutorialAssets/Sprites/hex-sliced_50.png using Guid(4f9f4fa541bc1b346b9bc4e0e2e0596b) Importer(815301076,1909f56bfc062723c751e8b465ee728b)  -> (artifact id: '4c0237bc855ffe88858c884abe98a5ba') in 0.041303 seconds
  Import took 0.045299 seconds .

========================================================================
Received Import Request.
  Time since last request: 0.000442 seconds.
  path: Assets/TutorialAssets/Sprites/hex-sliced_04.png
  artifactKey: Guid(45250bc5105dacb44af42fa847bbbe3e) Importer(815301076,1909f56bfc062723c751e8b465ee728b)
Start importing Assets/TutorialAssets/Sprites/hex-sliced_04.png using Guid(45250bc5105dacb44af42fa847bbbe3e) Importer(815301076,1909f56bfc062723c751e8b465ee728b)  -> (artifact id: '7ad5fdce0c5c982850c29983d8a2d3ee') in 0.021003 seconds
  Import took 0.024467 seconds .

========================================================================
Received Import Request.
  Time since last request: 0.000489 seconds.
  path: Assets/TutorialAssets/Sprites/hex-sliced_38.png
  artifactKey: Guid(6a1d37c534e8fa3499655c6e1e2e4c50) Importer(815301076,1909f56bfc062723c751e8b465ee728b)
Start importing Assets/TutorialAssets/Sprites/hex-sliced_38.png using Guid(6a1d37c534e8fa3499655c6e1e2e4c50) Importer(815301076,1909f56bfc062723c751e8b465ee728b)  -> (artifact id: '4ea1301193db4a1cc642e23aeda7b738') in 0.020092 seconds
  Import took 0.023853 seconds .

========================================================================
Received Import Request.
  Time since last request: 0.000469 seconds.
  path: Assets/TutorialAssets/Sprites/hex-sliced_14.png
  artifactKey: Guid(302510cb693c8f34d9883fbf95bc5ba1) Importer(815301076,1909f56bfc062723c751e8b465ee728b)
Start importing Assets/TutorialAssets/Sprites/hex-sliced_14.png using Guid(302510cb693c8f34d9883fbf95bc5ba1) Importer(815301076,1909f56bfc062723c751e8b465ee728b)  -> (artifact id: '46ea3e91e45294625981680c03faa606') in 0.034674 seconds
  Import took 0.038491 seconds .

========================================================================
Received Import Request.
  Time since last request: 0.000392 seconds.
  path: Assets/TutorialAssets/Sprites/hex-sliced_20.png
  artifactKey: Guid(d3bd1eae8bc197a439ddca480eeec9bf) Importer(815301076,1909f56bfc062723c751e8b465ee728b)
Start importing Assets/TutorialAssets/Sprites/hex-sliced_20.png using Guid(d3bd1eae8bc197a439ddca480eeec9bf) Importer(815301076,1909f56bfc062723c751e8b465ee728b)  -> (artifact id: 'c1e4225a7c7716cdf032e521cdac8c26') in 0.013697 seconds
  Import took 0.017884 seconds .

========================================================================
Received Import Request.
  Time since last request: 0.000340 seconds.
  path: Assets/TutorialAssets/Sprites/hex-sliced_52.png
  artifactKey: Guid(6e63751acc85d5c43be35911455ea70a) Importer(815301076,1909f56bfc062723c751e8b465ee728b)
Start importing Assets/TutorialAssets/Sprites/hex-sliced_52.png using Guid(6e63751acc85d5c43be35911455ea70a) Importer(815301076,1909f56bfc062723c751e8b465ee728b)  -> (artifact id: '336eadab68dfefe07c245bdbec9e97dc') in 0.037090 seconds
  Import took 0.040889 seconds .

========================================================================
Received Import Request.
  Time since last request: 0.000422 seconds.
  path: Assets/TutorialAssets/Sprites/hex-sliced_20.png
  artifactKey: Guid(d3bd1eae8bc197a439ddca480eeec9bf) Importer(815301076,1909f56bfc062723c751e8b465ee728b)
Start importing Assets/TutorialAssets/Sprites/hex-sliced_20.png using Guid(d3bd1eae8bc197a439ddca480eeec9bf) Importer(815301076,1909f56bfc062723c751e8b465ee728b)  -> (artifact id: 'c1e4225a7c7716cdf032e521cdac8c26') in 0.008139 seconds
  Import took 0.011160 seconds .

========================================================================
Received Import Request.
  Time since last request: 0.000361 seconds.
  path: Assets/TutorialAssets/Sprites/hex-sliced_21.png
  artifactKey: Guid(ef57de70729d97b4d8b65b13420a4975) Importer(815301076,1909f56bfc062723c751e8b465ee728b)
Start importing Assets/TutorialAssets/Sprites/hex-sliced_21.png using Guid(ef57de70729d97b4d8b65b13420a4975) Importer(815301076,1909f56bfc062723c751e8b465ee728b)  -> (artifact id: '6ab0d78ebcb6ee7d2f9076490a90696a') in 0.021684 seconds
  Import took 0.025638 seconds .

========================================================================
Received Import Request.
  Time since last request: 0.000454 seconds.
  path: Assets/TutorialAssets/Sprites/hex-sliced_45.png
  artifactKey: Guid(a8795f8997ac5db49a6ce2e6dc3242e6) Importer(815301076,1909f56bfc062723c751e8b465ee728b)
Start importing Assets/TutorialAssets/Sprites/hex-sliced_45.png using Guid(a8795f8997ac5db49a6ce2e6dc3242e6) Importer(815301076,1909f56bfc062723c751e8b465ee728b)  -> (artifact id: 'e4eb99e86c42b6e1f61239b102b037ac') in 0.019475 seconds
  Import took 0.022347 seconds .

========================================================================
Received Import Request.
  Time since last request: 0.000409 seconds.
  path: Assets/TutorialAssets/Sprites/hex-sliced_12.png
  artifactKey: Guid(04a9207f6fe24e94094403b543173ae2) Importer(815301076,1909f56bfc062723c751e8b465ee728b)
Start importing Assets/TutorialAssets/Sprites/hex-sliced_12.png using Guid(04a9207f6fe24e94094403b543173ae2) Importer(815301076,1909f56bfc062723c751e8b465ee728b)  -> (artifact id: 'c36d96ee678fa436cc27d24d6179c201') in 0.020675 seconds
  Import took 0.023915 seconds .

========================================================================
Received Import Request.
  Time since last request: 0.000358 seconds.
  path: Assets/TutorialAssets/Sprites/hex-sliced_17.png
  artifactKey: Guid(1706fe30c922c9f4392265f7e37f000a) Importer(815301076,1909f56bfc062723c751e8b465ee728b)
Start importing Assets/TutorialAssets/Sprites/hex-sliced_17.png using Guid(1706fe30c922c9f4392265f7e37f000a) Importer(815301076,1909f56bfc062723c751e8b465ee728b)  -> (artifact id: '4d16e29ad1fb2ee9107ecb2fd6b633e1') in 0.046803 seconds
  Import took 0.049965 seconds .

========================================================================
Received Import Request.
  Time since last request: 0.000436 seconds.
  path: Assets/TutorialAssets/Sprites/hex-sliced_40.png
  artifactKey: Guid(eca51b4c05d4ca2478c82f07f0430cb5) Importer(815301076,1909f56bfc062723c751e8b465ee728b)
Start importing Assets/TutorialAssets/Sprites/hex-sliced_40.png using Guid(eca51b4c05d4ca2478c82f07f0430cb5) Importer(815301076,1909f56bfc062723c751e8b465ee728b)  -> (artifact id: '325eb78e76b1129e1ebad49594064ca5') in 0.027417 seconds
  Import took 0.030629 seconds .

========================================================================
Received Import Request.
  Time since last request: 0.000361 seconds.
  path: Assets/TutorialAssets/Sprites/hex-sliced_06.png
  artifactKey: Guid(8f5682ed232f5374e8d5579a4ecf12ce) Importer(815301076,1909f56bfc062723c751e8b465ee728b)
Start importing Assets/TutorialAssets/Sprites/hex-sliced_06.png using Guid(8f5682ed232f5374e8d5579a4ecf12ce) Importer(815301076,1909f56bfc062723c751e8b465ee728b)  -> (artifact id: 'f765610ffac54c4b6b154aa69479e73c') in 0.032634 seconds
  Import took 0.036137 seconds .

========================================================================
Received Import Request.
  Time since last request: 0.000425 seconds.
  path: Assets/TutorialAssets/Sprites/hex-sliced_09.png
  artifactKey: Guid(986ffbb828c5d5b40bf6992b5f5f2154) Importer(815301076,1909f56bfc062723c751e8b465ee728b)
Start importing Assets/TutorialAssets/Sprites/hex-sliced_09.png using Guid(986ffbb828c5d5b40bf6992b5f5f2154) Importer(815301076,1909f56bfc062723c751e8b465ee728b)  -> (artifact id: 'd64e58b2f787058ac1db465ea4575300') in 0.057301 seconds
  Import took 0.060851 seconds .

========================================================================
Received Import Request.
  Time since last request: 0.000501 seconds.
  path: Assets/TutorialAssets/Sprites/hex-sliced_23.png
  artifactKey: Guid(c525bb7533aacb64181d64f7a5fc6e48) Importer(815301076,1909f56bfc062723c751e8b465ee728b)
Start importing Assets/TutorialAssets/Sprites/hex-sliced_23.png using Guid(c525bb7533aacb64181d64f7a5fc6e48) Importer(815301076,1909f56bfc062723c751e8b465ee728b)  -> (artifact id: 'e9969a5dca21be7ad4553d648f46b032') in 0.036980 seconds
  Import took 0.042082 seconds .

========================================================================
Received Import Request.
  Time since last request: 0.000681 seconds.
  path: Assets/TutorialAssets/Sprites/hex-sliced_34.png
  artifactKey: Guid(8106b417afff10d4fa35cfd800501443) Importer(815301076,1909f56bfc062723c751e8b465ee728b)
Start importing Assets/TutorialAssets/Sprites/hex-sliced_34.png using Guid(8106b417afff10d4fa35cfd800501443) Importer(815301076,1909f56bfc062723c751e8b465ee728b)  -> (artifact id: '9788c6aad0a91cc292ba2b2848d72cce') in 0.074358 seconds
  Import took 0.080448 seconds .

========================================================================
Received Import Request.
  Time since last request: 0.000713 seconds.
  path: Assets/TutorialAssets/Sprites/hex-sliced_32.png
  artifactKey: Guid(6116a469054b956468c62d4805e1d26d) Importer(815301076,1909f56bfc062723c751e8b465ee728b)
Start importing Assets/TutorialAssets/Sprites/hex-sliced_32.png using Guid(6116a469054b956468c62d4805e1d26d) Importer(815301076,1909f56bfc062723c751e8b465ee728b)  -> (artifact id: '06d08dd7d43110eac3e84f0326ceb96f') in 0.023126 seconds
  Import took 0.027887 seconds .

========================================================================
Received Import Request.
  Time since last request: 0.000359 seconds.
  path: Assets/TutorialAssets/Sprites/hex-sliced_15.png
  artifactKey: Guid(10c4b62cd7c42f441ac561633043c35d) Importer(815301076,1909f56bfc062723c751e8b465ee728b)
Start importing Assets/TutorialAssets/Sprites/hex-sliced_15.png using Guid(10c4b62cd7c42f441ac561633043c35d) Importer(815301076,1909f56bfc062723c751e8b465ee728b)  -> (artifact id: '9c7c836e4ab397a1117de8478227856d') in 0.029423 seconds
  Import took 0.033238 seconds .

========================================================================
Received Import Request.
  Time since last request: 0.000385 seconds.
  path: Assets/TutorialAssets/Sprites/hex-sliced_48.png
  artifactKey: Guid(6a0b6657c26f475488d67dc2451c3c51) Importer(815301076,1909f56bfc062723c751e8b465ee728b)
Start importing Assets/TutorialAssets/Sprites/hex-sliced_48.png using Guid(6a0b6657c26f475488d67dc2451c3c51) Importer(815301076,1909f56bfc062723c751e8b465ee728b)  -> (artifact id: '1d8253a7176ec7dba83ce9addc1a9550') in 0.019572 seconds
  Import took 0.022993 seconds .

========================================================================
Received Import Request.
  Time since last request: 259.238854 seconds.
  path: Assets/Sprites/Projectiles
  artifactKey: Guid(f1e6a000fcbc482459c62794381a391a) Importer(815301076,1909f56bfc062723c751e8b465ee728b)
Start importing Assets/Sprites/Projectiles using Guid(f1e6a000fcbc482459c62794381a391a) Importer(815301076,1909f56bfc062723c751e8b465ee728b)  -> (artifact id: '8861e38c19633cc06c38e66143fff0a4') in 0.008720 seconds
  Import took 0.027039 seconds .

========================================================================
Received Import Request.
  Time since last request: 33.650027 seconds.
  path: Assets/Sprites/Projectiles/arrow.png
  artifactKey: Guid(7794af857b48f2949a2254146885f3c0) Importer(815301076,1909f56bfc062723c751e8b465ee728b)
Start importing Assets/Sprites/Projectiles/arrow.png using Guid(7794af857b48f2949a2254146885f3c0) Importer(815301076,1909f56bfc062723c751e8b465ee728b)  -> (artifact id: '488b7e1da4f186fc258ed7e3aa058955') in 0.020820 seconds
  Import took 0.024412 seconds .

========================================================================
Received Prepare
Registering precompiled user dll's ...
Registered in 0.000964 seconds.
Begin MonoManager ReloadAssembly
Native extension for WindowsStandalone target not found
Native extension for WebGL target not found
Refreshing native plugins compatible for Editor in 0.40 ms, found 1 plugins.
Preloading 0 native plugins for Editor in 0.00 ms.
Mono: successfully reloaded assembly
- Completed reload, in  0.972 seconds
Platform modules already initialized, skipping
Refreshing native plugins compatible for Editor in 0.40 ms, found 1 plugins.
Preloading 0 native plugins for Editor in 0.00 ms.
Unloading 1809 Unused Serialized files (Serialized files now loaded: 0)
System memory in use before: 87.9 MB.
System memory in use after: 88.0 MB.

Unloading 7 unused Assets to reduce memory usage. Loaded Objects now: 2280.
Total: 2.169700 ms (FindLiveObjects: 0.197200 ms CreateObjectMapping: 0.120300 ms MarkObjects: 1.816500 ms  DeleteObjects: 0.034600 ms)

========================================================================
Received Import Request.
  Time since last request: 124.198341 seconds.
  path: Assets/Prefabs/Tower.prefab
  artifactKey: Guid(8670be3f62a53204284e1e3518ca8cfb) Importer(815301076,1909f56bfc062723c751e8b465ee728b)
Start importing Assets/Prefabs/Tower.prefab using Guid(8670be3f62a53204284e1e3518ca8cfb) Importer(815301076,1909f56bfc062723c751e8b465ee728b)  -> (artifact id: 'a1719c8336a6ca71217b8c779b5246f8') in 0.065247 seconds
  Import took 0.068721 seconds .

========================================================================
Received Prepare
Registering precompiled user dll's ...
Registered in 0.001407 seconds.
Begin MonoManager ReloadAssembly
Native extension for WindowsStandalone target not found
Native extension for WebGL target not found
Refreshing native plugins compatible for Editor in 0.39 ms, found 1 plugins.
Preloading 0 native plugins for Editor in 0.00 ms.
Mono: successfully reloaded assembly
- Completed reload, in  0.906 seconds
Platform modules already initialized, skipping
Refreshing native plugins compatible for Editor in 0.40 ms, found 1 plugins.
Preloading 0 native plugins for Editor in 0.00 ms.
Unloading 1809 Unused Serialized files (Serialized files now loaded: 0)
System memory in use before: 88.0 MB.
System memory in use after: 88.1 MB.

Unloading 7 unused Assets to reduce memory usage. Loaded Objects now: 2289.
Total: 2.560400 ms (FindLiveObjects: 0.258500 ms CreateObjectMapping: 0.129500 ms MarkObjects: 2.141200 ms  DeleteObjects: 0.030100 ms)

========================================================================
Received Prepare
Registering precompiled user dll's ...
Registered in 0.000961 seconds.
Begin MonoManager ReloadAssembly
Native extension for WindowsStandalone target not found
Native extension for WebGL target not found
Refreshing native plugins compatible for Editor in 0.55 ms, found 1 plugins.
Preloading 0 native plugins for Editor in 0.00 ms.
Mono: successfully reloaded assembly
- Completed reload, in  0.958 seconds
Platform modules already initialized, skipping
Refreshing native plugins compatible for Editor in 0.39 ms, found 1 plugins.
Preloading 0 native plugins for Editor in 0.00 ms.
Unloading 1809 Unused Serialized files (Serialized files now loaded: 0)
System memory in use before: 88.0 MB.
System memory in use after: 88.1 MB.

Unloading 7 unused Assets to reduce memory usage. Loaded Objects now: 2293.
Total: 2.283300 ms (FindLiveObjects: 0.318200 ms CreateObjectMapping: 0.079300 ms MarkObjects: 1.857900 ms  DeleteObjects: 0.026600 ms)

========================================================================
Received Prepare
Registering precompiled user dll's ...
Registered in 0.000996 seconds.
Begin MonoManager ReloadAssembly
Native extension for WindowsStandalone target not found
Native extension for WebGL target not found
Refreshing native plugins compatible for Editor in 0.39 ms, found 1 plugins.
Preloading 0 native plugins for Editor in 0.00 ms.
Mono: successfully reloaded assembly
- Completed reload, in  0.927 seconds
Platform modules already initialized, skipping
Refreshing native plugins compatible for Editor in 0.40 ms, found 1 plugins.
Preloading 0 native plugins for Editor in 0.00 ms.
Unloading 1809 Unused Serialized files (Serialized files now loaded: 0)
System memory in use before: 88.0 MB.
System memory in use after: 88.1 MB.

Unloading 7 unused Assets to reduce memory usage. Loaded Objects now: 2297.
Total: 1.888800 ms (FindLiveObjects: 0.219200 ms CreateObjectMapping: 0.064100 ms MarkObjects: 1.572400 ms  DeleteObjects: 0.032400 ms)

========================================================================
Received Import Request.
  Time since last request: 375.486532 seconds.
  path: Assets/TutorialAssets/Sprites/hex-sliced_57.png
  artifactKey: Guid(47cd4a05829f1ed44920f7edeb6ec741) Importer(815301076,1909f56bfc062723c751e8b465ee728b)
Start importing Assets/TutorialAssets/Sprites/hex-sliced_57.png using Guid(47cd4a05829f1ed44920f7edeb6ec741) Importer(815301076,1909f56bfc062723c751e8b465ee728b)  -> (artifact id: '073513a2747a9ae4550075d185eaab21') in 0.123204 seconds
  Import took 0.127252 seconds .

========================================================================
Received Import Request.
  Time since last request: 0.000470 seconds.
  path: Assets/TutorialAssets/Sprites/hex-sliced_64.png
  artifactKey: Guid(85c961a91bca3f64cb1d0d7279baaf48) Importer(815301076,1909f56bfc062723c751e8b465ee728b)
Start importing Assets/TutorialAssets/Sprites/hex-sliced_64.png using Guid(85c961a91bca3f64cb1d0d7279baaf48) Importer(815301076,1909f56bfc062723c751e8b465ee728b)  -> (artifact id: '549506a410783c45a9b31ccb0f8df527') in 0.032398 seconds
  Import took 0.060093 seconds .

========================================================================
Received Import Request.
  Time since last request: 0.000343 seconds.
  path: Assets/TutorialAssets/Sprites/hex-sliced_65.png
  artifactKey: Guid(34b49ee9e992b6a46a32eb078f445796) Importer(815301076,1909f56bfc062723c751e8b465ee728b)
Start importing Assets/TutorialAssets/Sprites/hex-sliced_65.png using Guid(34b49ee9e992b6a46a32eb078f445796) Importer(815301076,1909f56bfc062723c751e8b465ee728b)  -> (artifact id: '3d146c74b5ce783d67b98bb67fcc7b56') in 0.031211 seconds
  Import took 0.036442 seconds .

========================================================================
Received Import Request.
  Time since last request: 0.000411 seconds.
  path: Assets/TutorialAssets/Sprites/hex-sliced_58.png
  artifactKey: Guid(e9b44863d12db21478e256a2bbd98a89) Importer(815301076,1909f56bfc062723c751e8b465ee728b)
Start importing Assets/TutorialAssets/Sprites/hex-sliced_58.png using Guid(e9b44863d12db21478e256a2bbd98a89) Importer(815301076,1909f56bfc062723c751e8b465ee728b)  -> (artifact id: 'a07e4eca0f4d6594ae7b8a2577edc2a4') in 0.039382 seconds
  Import took 0.066403 seconds .

========================================================================
Received Import Request.
  Time since last request: 0.000390 seconds.
  path: Assets/TutorialAssets/Sprites/hex-sliced_61.png
  artifactKey: Guid(1bc9bbe52e2a15e45bd6d6a10b17fa39) Importer(815301076,1909f56bfc062723c751e8b465ee728b)
Start importing Assets/TutorialAssets/Sprites/hex-sliced_61.png using Guid(1bc9bbe52e2a15e45bd6d6a10b17fa39) Importer(815301076,1909f56bfc062723c751e8b465ee728b)  -> (artifact id: '5728ace894ce3a1ae56d3c87f0d62828') in 0.026397 seconds
  Import took 0.048816 seconds .

========================================================================
Received Import Request.
  Time since last request: 0.000480 seconds.
  path: Assets/TutorialAssets/Sprites/hex-sliced_63.png
  artifactKey: Guid(9418914abc6dc874bbc8603ab149c607) Importer(815301076,1909f56bfc062723c751e8b465ee728b)
Start importing Assets/TutorialAssets/Sprites/hex-sliced_63.png using Guid(9418914abc6dc874bbc8603ab149c607) Importer(815301076,1909f56bfc062723c751e8b465ee728b)  -> (artifact id: 'bbaed274194d125c6c0e1ebd54c9c7bc') in 0.026392 seconds
  Import took 0.030828 seconds .

========================================================================
Received Import Request.
  Time since last request: 0.000363 seconds.
  path: Assets/TutorialAssets/Sprites/hex-sliced_62.png
  artifactKey: Guid(5b2311dd7593a364683ad9036568125a) Importer(815301076,1909f56bfc062723c751e8b465ee728b)
Start importing Assets/TutorialAssets/Sprites/hex-sliced_62.png using Guid(5b2311dd7593a364683ad9036568125a) Importer(815301076,1909f56bfc062723c751e8b465ee728b)  -> (artifact id: 'fc3de37d43b75fb2cc0061583c1deff0') in 0.035143 seconds
  Import took 0.039416 seconds .

========================================================================
Received Import Request.
  Time since last request: 0.000429 seconds.
  path: Assets/TutorialAssets/Sprites/hex-sliced_60.png
  artifactKey: Guid(24c0305450ff4a64995db5df9d2f7691) Importer(815301076,1909f56bfc062723c751e8b465ee728b)
Start importing Assets/TutorialAssets/Sprites/hex-sliced_60.png using Guid(24c0305450ff4a64995db5df9d2f7691) Importer(815301076,1909f56bfc062723c751e8b465ee728b)  -> (artifact id: 'caf0334dfde24aab37326061f5132bea') in 0.041691 seconds
  Import took 0.045059 seconds .

========================================================================
Received Import Request.
  Time since last request: 0.000532 seconds.
  path: Assets/TutorialAssets/Sprites/hex-sliced_59.png
  artifactKey: Guid(b627cf3cf4f824441a04c9168cd6b89a) Importer(815301076,1909f56bfc062723c751e8b465ee728b)
Start importing Assets/TutorialAssets/Sprites/hex-sliced_59.png using Guid(b627cf3cf4f824441a04c9168cd6b89a) Importer(815301076,1909f56bfc062723c751e8b465ee728b)  -> (artifact id: 'a14d42b4cafeeb138477b98b897d330e') in 0.033679 seconds
  Import took 0.037403 seconds .

========================================================================
Received Import Request.
  Time since last request: 0.428124 seconds.
  path: Assets/TutorialAssets/Sprites/hex-sliced_66.png
  artifactKey: Guid(c8ef4b79b021a6846a635929afcf2793) Importer(815301076,1909f56bfc062723c751e8b465ee728b)
Start importing Assets/TutorialAssets/Sprites/hex-sliced_66.png using Guid(c8ef4b79b021a6846a635929afcf2793) Importer(815301076,1909f56bfc062723c751e8b465ee728b)  -> (artifact id: '5dd3397a7ade1bdbbebfc4748630d696') in 0.079259 seconds
  Import took 0.085458 seconds .

========================================================================
Received Import Request.
  Time since last request: 0.000841 seconds.
  path: Assets/TutorialAssets/Sprites/hex-sliced_71.png
  artifactKey: Guid(d971a38a4309aab409f13e7849a82a47) Importer(815301076,1909f56bfc062723c751e8b465ee728b)
Start importing Assets/TutorialAssets/Sprites/hex-sliced_71.png using Guid(d971a38a4309aab409f13e7849a82a47) Importer(815301076,1909f56bfc062723c751e8b465ee728b)  -> (artifact id: 'a4f1ca3261b614c2788e5bb11b1bbbe4') in 0.025307 seconds
  Import took 0.031362 seconds .

========================================================================
Received Import Request.
  Time since last request: 0.000564 seconds.
  path: Assets/TutorialAssets/Sprites/hex-sliced_67.png
  artifactKey: Guid(0089e157e7d31024cb88a62282921e90) Importer(815301076,1909f56bfc062723c751e8b465ee728b)
Start importing Assets/TutorialAssets/Sprites/hex-sliced_67.png using Guid(0089e157e7d31024cb88a62282921e90) Importer(815301076,1909f56bfc062723c751e8b465ee728b)  -> (artifact id: '529553a85dc612f5f7322725a226f636') in 0.041839 seconds
  Import took 0.046665 seconds .

========================================================================
Received Import Request.
  Time since last request: 0.000405 seconds.
  path: Assets/TutorialAssets/Sprites/hex-sliced_79.png
  artifactKey: Guid(921f451e3b4d67b458ed1e69fe6aad76) Importer(815301076,1909f56bfc062723c751e8b465ee728b)
Start importing Assets/TutorialAssets/Sprites/hex-sliced_79.png using Guid(921f451e3b4d67b458ed1e69fe6aad76) Importer(815301076,1909f56bfc062723c751e8b465ee728b)  -> (artifact id: '7e4b96375abb1ee47a41b77127b097e2') in 0.045966 seconds
  Import took 0.056906 seconds .

========================================================================
Received Import Request.
  Time since last request: 0.000411 seconds.
  path: Assets/TutorialAssets/Sprites/hex-sliced_83.png
  artifactKey: Guid(faf2399b3f78e004f9107aadc4fa434c) Importer(815301076,1909f56bfc062723c751e8b465ee728b)
Start importing Assets/TutorialAssets/Sprites/hex-sliced_83.png using Guid(faf2399b3f78e004f9107aadc4fa434c) Importer(815301076,1909f56bfc062723c751e8b465ee728b)  -> (artifact id: '972fd03d86acf28fdf8af3af9785fe20') in 0.024689 seconds
  Import took 0.027785 seconds .

========================================================================
Received Import Request.
  Time since last request: 0.000647 seconds.
  path: Assets/TutorialAssets/Sprites/hex-sliced_82.png
  artifactKey: Guid(6a0d04ed881a5d241a961caefd8e109c) Importer(815301076,1909f56bfc062723c751e8b465ee728b)
Start importing Assets/TutorialAssets/Sprites/hex-sliced_82.png using Guid(6a0d04ed881a5d241a961caefd8e109c) Importer(815301076,1909f56bfc062723c751e8b465ee728b)  -> (artifact id: '029b1207a33211ad83de72b9ed283c34') in 0.038650 seconds
  Import took 0.064966 seconds .

========================================================================
Received Import Request.
  Time since last request: 0.000496 seconds.
  path: Assets/TutorialAssets/Sprites/hex-sliced_70.png
  artifactKey: Guid(5e3cbc69ba919b5408466a6ffee40694) Importer(815301076,1909f56bfc062723c751e8b465ee728b)
Start importing Assets/TutorialAssets/Sprites/hex-sliced_70.png using Guid(5e3cbc69ba919b5408466a6ffee40694) Importer(815301076,1909f56bfc062723c751e8b465ee728b)  -> (artifact id: 'a63d6433e8fbc421489336f325331972') in 0.025517 seconds
  Import took 0.042520 seconds .

========================================================================
Received Import Request.
  Time since last request: 0.000386 seconds.
  path: Assets/TutorialAssets/Sprites/hex-sliced_76.png
  artifactKey: Guid(49e28439b9be7154288a0cc1414875cd) Importer(815301076,1909f56bfc062723c751e8b465ee728b)
Start importing Assets/TutorialAssets/Sprites/hex-sliced_76.png using Guid(49e28439b9be7154288a0cc1414875cd) Importer(815301076,1909f56bfc062723c751e8b465ee728b)  -> (artifact id: 'f69de8e35943179b0ac09d9ac0e86f1f') in 0.016756 seconds
  Import took 0.019874 seconds .

========================================================================
Received Import Request.
  Time since last request: 0.000521 seconds.
  path: Assets/TutorialAssets/Sprites/hex-sliced_69.png
  artifactKey: Guid(f47e1ee9d6939fe47b796b3ce2c8a05e) Importer(815301076,1909f56bfc062723c751e8b465ee728b)
Start importing Assets/TutorialAssets/Sprites/hex-sliced_69.png using Guid(f47e1ee9d6939fe47b796b3ce2c8a05e) Importer(815301076,1909f56bfc062723c751e8b465ee728b)  -> (artifact id: '1117dc7611ee91a4fb8941d885d9da42') in 0.036050 seconds
  Import took 0.039798 seconds .

========================================================================
Received Import Request.
  Time since last request: 0.000440 seconds.
  path: Assets/TutorialAssets/Sprites/hex-sliced_77.png
  artifactKey: Guid(adad7775e2bc2924280baafc68dcf67f) Importer(815301076,1909f56bfc062723c751e8b465ee728b)
Start importing Assets/TutorialAssets/Sprites/hex-sliced_77.png using Guid(adad7775e2bc2924280baafc68dcf67f) Importer(815301076,1909f56bfc062723c751e8b465ee728b)  -> (artifact id: 'ea7b29e1e7621ed772aefa566a6cf33f') in 0.046954 seconds
  Import took 0.050139 seconds .

========================================================================
Received Import Request.
  Time since last request: 0.000322 seconds.
  path: Assets/TutorialAssets/Sprites/hex-sliced_73.png
  artifactKey: Guid(1e6a90c69e6c0a247b7439f94ac7897d) Importer(815301076,1909f56bfc062723c751e8b465ee728b)
Start importing Assets/TutorialAssets/Sprites/hex-sliced_73.png using Guid(1e6a90c69e6c0a247b7439f94ac7897d) Importer(815301076,1909f56bfc062723c751e8b465ee728b)  -> (artifact id: 'fc30b496db39afb083cc308afd7aa39a') in 0.016524 seconds
  Import took 0.019776 seconds .

========================================================================
Received Import Request.
  Time since last request: 0.000401 seconds.
  path: Assets/TutorialAssets/Sprites/hex-sliced_78.png
  artifactKey: Guid(bf2e77be3ae8e12468a9a99de7247bdb) Importer(815301076,1909f56bfc062723c751e8b465ee728b)
Start importing Assets/TutorialAssets/Sprites/hex-sliced_78.png using Guid(bf2e77be3ae8e12468a9a99de7247bdb) Importer(815301076,1909f56bfc062723c751e8b465ee728b)  -> (artifact id: '89cd5c27417a1a899dc088f507b831fe') in 0.035292 seconds
  Import took 0.039381 seconds .

========================================================================
Received Import Request.
  Time since last request: 0.000371 seconds.
  path: Assets/TutorialAssets/Sprites/hex-sliced_81.png
  artifactKey: Guid(c70a9fee15d302c439ed6adc6877a1a0) Importer(815301076,1909f56bfc062723c751e8b465ee728b)
Start importing Assets/TutorialAssets/Sprites/hex-sliced_81.png using Guid(c70a9fee15d302c439ed6adc6877a1a0) Importer(815301076,1909f56bfc062723c751e8b465ee728b)  -> (artifact id: '073ea44cd5a846a4588bbe6f05382791') in 0.031864 seconds
  Import took 0.061132 seconds .

========================================================================
Received Import Request.
  Time since last request: 0.000371 seconds.
  path: Assets/TutorialAssets/Sprites/hex-sliced_75.png
  artifactKey: Guid(033c2aef259ea7d41b5a8858d3d0b384) Importer(815301076,1909f56bfc062723c751e8b465ee728b)
Start importing Assets/TutorialAssets/Sprites/hex-sliced_75.png using Guid(033c2aef259ea7d41b5a8858d3d0b384) Importer(815301076,1909f56bfc062723c751e8b465ee728b)  -> (artifact id: '05ba01e6ab4e42697cd3d3f0e64c52fc') in 0.030395 seconds
  Import took 0.033554 seconds .

========================================================================
Received Import Request.
  Time since last request: 0.000454 seconds.
  path: Assets/TutorialAssets/Sprites/hex-sliced_80.png
  artifactKey: Guid(5cbbd9a4271f04e4591ae1255c425698) Importer(815301076,1909f56bfc062723c751e8b465ee728b)
Start importing Assets/TutorialAssets/Sprites/hex-sliced_80.png using Guid(5cbbd9a4271f04e4591ae1255c425698) Importer(815301076,1909f56bfc062723c751e8b465ee728b)  -> (artifact id: 'c636b5254d4c01e3a9cd75a8e59efe50') in 0.041148 seconds
  Import took 0.045134 seconds .

========================================================================
Received Import Request.
  Time since last request: 0.000359 seconds.
  path: Assets/TutorialAssets/Sprites/hex-sliced_68.png
  artifactKey: Guid(0aa6683a3f361c24982077e89303ce29) Importer(815301076,1909f56bfc062723c751e8b465ee728b)
Start importing Assets/TutorialAssets/Sprites/hex-sliced_68.png using Guid(0aa6683a3f361c24982077e89303ce29) Importer(815301076,1909f56bfc062723c751e8b465ee728b)  -> (artifact id: '7c49dbff2f6bc9ac573d581bc4bfaa06') in 0.017609 seconds
  Import took 0.020757 seconds .

========================================================================
Received Import Request.
  Time since last request: 0.000364 seconds.
  path: Assets/TutorialAssets/Sprites/hex-sliced_72.png
  artifactKey: Guid(fecd1baebeab5554bb270d803d43657f) Importer(815301076,1909f56bfc062723c751e8b465ee728b)
Start importing Assets/TutorialAssets/Sprites/hex-sliced_72.png using Guid(fecd1baebeab5554bb270d803d43657f) Importer(815301076,1909f56bfc062723c751e8b465ee728b)  -> (artifact id: '0a51fc45d86c421cf453811a95b22a6f') in 0.023936 seconds
  Import took 0.027733 seconds .

========================================================================
Received Import Request.
  Time since last request: 0.000380 seconds.
  path: Assets/TutorialAssets/Sprites/hex-sliced_74.png
  artifactKey: Guid(753fac88efecbc44fa405846227e3c2c) Importer(815301076,1909f56bfc062723c751e8b465ee728b)
Start importing Assets/TutorialAssets/Sprites/hex-sliced_74.png using Guid(753fac88efecbc44fa405846227e3c2c) Importer(815301076,1909f56bfc062723c751e8b465ee728b)  -> (artifact id: '75403e419b05f172a2334f754bfb1db4') in 0.037571 seconds
  Import took 0.054298 seconds .

========================================================================
Received Prepare
Registering precompiled user dll's ...
Registered in 0.001104 seconds.
Begin MonoManager ReloadAssembly
Native extension for WindowsStandalone target not found
Native extension for WebGL target not found
Refreshing native plugins compatible for Editor in 0.56 ms, found 1 plugins.
Preloading 0 native plugins for Editor in 0.00 ms.
Mono: successfully reloaded assembly
- Completed reload, in  0.962 seconds
Platform modules already initialized, skipping
Refreshing native plugins compatible for Editor in 0.46 ms, found 1 plugins.
Preloading 0 native plugins for Editor in 0.00 ms.
Unloading 1810 Unused Serialized files (Serialized files now loaded: 0)
System memory in use before: 88.1 MB.
System memory in use after: 88.2 MB.

Unloading 7 unused Assets to reduce memory usage. Loaded Objects now: 2303.
Total: 2.207700 ms (FindLiveObjects: 0.245400 ms CreateObjectMapping: 0.123200 ms MarkObjects: 1.795200 ms  DeleteObjects: 0.042900 ms)

========================================================================
Received Prepare
Registering precompiled user dll's ...
Registered in 0.001088 seconds.
Begin MonoManager ReloadAssembly
Native extension for WindowsStandalone target not found
Native extension for WebGL target not found
Refreshing native plugins compatible for Editor in 0.42 ms, found 1 plugins.
Preloading 0 native plugins for Editor in 0.00 ms.
Mono: successfully reloaded assembly
- Completed reload, in  0.960 seconds
Platform modules already initialized, skipping
Refreshing native plugins compatible for Editor in 0.41 ms, found 1 plugins.
Preloading 0 native plugins for Editor in 0.00 ms.
Unloading 1810 Unused Serialized files (Serialized files now loaded: 0)
System memory in use before: 88.1 MB.
System memory in use after: 88.2 MB.

Unloading 7 unused Assets to reduce memory usage. Loaded Objects now: 2307.
Total: 3.764000 ms (FindLiveObjects: 0.355000 ms CreateObjectMapping: 0.218000 ms MarkObjects: 3.162600 ms  DeleteObjects: 0.026200 ms)

========================================================================
Received Import Request.
  Time since last request: 94.262914 seconds.
  path: Assets/Prefabs/Tower.prefab
  artifactKey: Guid(8670be3f62a53204284e1e3518ca8cfb) Importer(815301076,1909f56bfc062723c751e8b465ee728b)
Start importing Assets/Prefabs/Tower.prefab using Guid(8670be3f62a53204284e1e3518ca8cfb) Importer(815301076,1909f56bfc062723c751e8b465ee728b)  -> (artifact id: '2cbcadb9a91de14ce8ddaf3351ea29be') in 0.062060 seconds
  Import took 0.068491 seconds .

========================================================================
Received Import Request.
  Time since last request: 2.904688 seconds.
  path: Assets/Prefabs/Arrow.prefab
  artifactKey: Guid(389d6c32b24798449a12d70894ac0d2b) Importer(815301076,1909f56bfc062723c751e8b465ee728b)
Start importing Assets/Prefabs/Arrow.prefab using Guid(389d6c32b24798449a12d70894ac0d2b) Importer(815301076,1909f56bfc062723c751e8b465ee728b)  -> (artifact id: '6a2eb10ca41df78831564a05e9a77de8') in 0.021245 seconds
  Import took 0.025812 seconds .

========================================================================
Received Import Request.
  Time since last request: 0.007235 seconds.
  path: Assets/Prefabs/Arrow.prefab
  artifactKey: Guid(389d6c32b24798449a12d70894ac0d2b) Importer(815301076,1909f56bfc062723c751e8b465ee728b)
Start importing Assets/Prefabs/Arrow.prefab using Guid(389d6c32b24798449a12d70894ac0d2b) Importer(815301076,1909f56bfc062723c751e8b465ee728b)  -> (artifact id: '6a2eb10ca41df78831564a05e9a77de8') in 0.014280 seconds
  Import took 0.019632 seconds .

========================================================================
Received Import Request.
  Time since last request: 10.295744 seconds.
  path: Assets/Prefabs/Tower.prefab
  artifactKey: Guid(8670be3f62a53204284e1e3518ca8cfb) Importer(815301076,1909f56bfc062723c751e8b465ee728b)
Start importing Assets/Prefabs/Tower.prefab using Guid(8670be3f62a53204284e1e3518ca8cfb) Importer(815301076,1909f56bfc062723c751e8b465ee728b)  -> (artifact id: '540879adc3e126f629b3d11e743e4aa7') in 0.016232 seconds
  Import took 0.020909 seconds .

========================================================================
Received Prepare
Registering precompiled user dll's ...
Registered in 0.001014 seconds.
Begin MonoManager ReloadAssembly
Native extension for WindowsStandalone target not found
Native extension for WebGL target not found
Refreshing native plugins compatible for Editor in 0.42 ms, found 1 plugins.
Preloading 0 native plugins for Editor in 0.00 ms.
Mono: successfully reloaded assembly
- Completed reload, in  0.956 seconds
Platform modules already initialized, skipping
Refreshing native plugins compatible for Editor in 0.40 ms, found 1 plugins.
Preloading 0 native plugins for Editor in 0.00 ms.
Unloading 1810 Unused Serialized files (Serialized files now loaded: 0)
System memory in use before: 88.1 MB.
System memory in use after: 88.2 MB.

Unloading 7 unused Assets to reduce memory usage. Loaded Objects now: 2312.
Total: 2.549600 ms (FindLiveObjects: 0.256700 ms CreateObjectMapping: 0.188500 ms MarkObjects: 2.057800 ms  DeleteObjects: 0.045300 ms)

========================================================================
Received Import Request.
  Time since last request: 755.129585 seconds.
  path: Assets/Prefabs/Arrow.prefab
  artifactKey: Guid(389d6c32b24798449a12d70894ac0d2b) Importer(815301076,1909f56bfc062723c751e8b465ee728b)
Start importing Assets/Prefabs/Arrow.prefab using Guid(389d6c32b24798449a12d70894ac0d2b) Importer(815301076,1909f56bfc062723c751e8b465ee728b)  -> (artifact id: 'b8c6a586cc20aa843cec71218d9d1955') in 0.054761 seconds
  Import took 0.079022 seconds .

========================================================================
Received Prepare
Registering precompiled user dll's ...
Registered in 0.001028 seconds.
Begin MonoManager ReloadAssembly
Native extension for WindowsStandalone target not found
Native extension for WebGL target not found
Refreshing native plugins compatible for Editor in 0.39 ms, found 1 plugins.
Preloading 0 native plugins for Editor in 0.00 ms.
Mono: successfully reloaded assembly
- Completed reload, in  0.937 seconds
Platform modules already initialized, skipping
Refreshing native plugins compatible for Editor in 0.40 ms, found 1 plugins.
Preloading 0 native plugins for Editor in 0.00 ms.
Unloading 1810 Unused Serialized files (Serialized files now loaded: 0)
System memory in use before: 88.1 MB.
System memory in use after: 88.2 MB.

Unloading 7 unused Assets to reduce memory usage. Loaded Objects now: 2317.
Total: 2.196900 ms (FindLiveObjects: 0.284600 ms CreateObjectMapping: 0.062000 ms MarkObjects: 1.819000 ms  DeleteObjects: 0.029900 ms)

========================================================================
Received Import Request.
  Time since last request: 60.021827 seconds.
  path: Assets/Prefabs/Arrow.prefab
  artifactKey: Guid(389d6c32b24798449a12d70894ac0d2b) Importer(815301076,1909f56bfc062723c751e8b465ee728b)
Start importing Assets/Prefabs/Arrow.prefab using Guid(389d6c32b24798449a12d70894ac0d2b) Importer(815301076,1909f56bfc062723c751e8b465ee728b)  -> (artifact id: '4975bc39ab160a9309b13577772d3e27') in 0.063834 seconds
  Import took 0.068650 seconds .

========================================================================
Received Prepare
Registering precompiled user dll's ...
Registered in 0.001057 seconds.
Begin MonoManager ReloadAssembly
Native extension for WindowsStandalone target not found
Native extension for WebGL target not found
Refreshing native plugins compatible for Editor in 0.41 ms, found 1 plugins.
Preloading 0 native plugins for Editor in 0.00 ms.
Mono: successfully reloaded assembly
- Completed reload, in  0.946 seconds
Platform modules already initialized, skipping
Refreshing native plugins compatible for Editor in 0.42 ms, found 1 plugins.
Preloading 0 native plugins for Editor in 0.00 ms.
Unloading 1810 Unused Serialized files (Serialized files now loaded: 0)
System memory in use before: 88.1 MB.
System memory in use after: 88.2 MB.

Unloading 7 unused Assets to reduce memory usage. Loaded Objects now: 2322.
Total: 2.327700 ms (FindLiveObjects: 0.344300 ms CreateObjectMapping: 0.146300 ms MarkObjects: 1.795400 ms  DeleteObjects: 0.040100 ms)

========================================================================
Received Prepare
Registering precompiled user dll's ...
Registered in 0.001052 seconds.
Begin MonoManager ReloadAssembly
Native extension for WindowsStandalone target not found
Native extension for WebGL target not found
Refreshing native plugins compatible for Editor in 0.46 ms, found 1 plugins.
Preloading 0 native plugins for Editor in 0.00 ms.
Mono: successfully reloaded assembly
- Completed reload, in  0.915 seconds
Platform modules already initialized, skipping
Refreshing native plugins compatible for Editor in 0.41 ms, found 1 plugins.
Preloading 0 native plugins for Editor in 0.00 ms.
Unloading 1810 Unused Serialized files (Serialized files now loaded: 0)
System memory in use before: 88.1 MB.
System memory in use after: 88.2 MB.

Unloading 7 unused Assets to reduce memory usage. Loaded Objects now: 2326.
Total: 2.034300 ms (FindLiveObjects: 0.224700 ms CreateObjectMapping: 0.059000 ms MarkObjects: 1.716000 ms  DeleteObjects: 0.033600 ms)

========================================================================
Received Prepare
Registering precompiled user dll's ...
Registered in 0.001061 seconds.
Begin MonoManager ReloadAssembly
Native extension for WindowsStandalone target not found
Native extension for WebGL target not found
Refreshing native plugins compatible for Editor in 0.38 ms, found 1 plugins.
Preloading 0 native plugins for Editor in 0.00 ms.
Mono: successfully reloaded assembly
- Completed reload, in  0.938 seconds
Platform modules already initialized, skipping
Refreshing native plugins compatible for Editor in 0.39 ms, found 1 plugins.
Preloading 0 native plugins for Editor in 0.00 ms.
Unloading 1810 Unused Serialized files (Serialized files now loaded: 0)
System memory in use before: 88.1 MB.
System memory in use after: 88.2 MB.

Unloading 7 unused Assets to reduce memory usage. Loaded Objects now: 2330.
Total: 1.936500 ms (FindLiveObjects: 0.193900 ms CreateObjectMapping: 0.059500 ms MarkObjects: 1.644800 ms  DeleteObjects: 0.037400 ms)

========================================================================
Received Prepare
Registering precompiled user dll's ...
Registered in 0.001022 seconds.
Begin MonoManager ReloadAssembly
Native extension for WindowsStandalone target not found
Native extension for WebGL target not found
Refreshing native plugins compatible for Editor in 0.43 ms, found 1 plugins.
Preloading 0 native plugins for Editor in 0.00 ms.
Mono: successfully reloaded assembly
- Completed reload, in  0.931 seconds
Platform modules already initialized, skipping
Refreshing native plugins compatible for Editor in 0.40 ms, found 1 plugins.
Preloading 0 native plugins for Editor in 0.00 ms.
Unloading 1810 Unused Serialized files (Serialized files now loaded: 0)
System memory in use before: 88.1 MB.
System memory in use after: 88.2 MB.

Unloading 7 unused Assets to reduce memory usage. Loaded Objects now: 2334.
Total: 2.534800 ms (FindLiveObjects: 0.273900 ms CreateObjectMapping: 0.156500 ms MarkObjects: 2.078500 ms  DeleteObjects: 0.024400 ms)

========================================================================
Received Prepare
Registering precompiled user dll's ...
Registered in 0.000994 seconds.
Begin MonoManager ReloadAssembly
Native extension for WindowsStandalone target not found
Native extension for WebGL target not found
Refreshing native plugins compatible for Editor in 0.39 ms, found 1 plugins.
Preloading 0 native plugins for Editor in 0.00 ms.
Mono: successfully reloaded assembly
- Completed reload, in  0.922 seconds
Platform modules already initialized, skipping
Refreshing native plugins compatible for Editor in 0.40 ms, found 1 plugins.
Preloading 0 native plugins for Editor in 0.00 ms.
Unloading 1810 Unused Serialized files (Serialized files now loaded: 0)
System memory in use before: 88.1 MB.
System memory in use after: 88.3 MB.

Unloading 7 unused Assets to reduce memory usage. Loaded Objects now: 2338.
Total: 2.655900 ms (FindLiveObjects: 0.423300 ms CreateObjectMapping: 0.225600 ms MarkObjects: 1.980400 ms  DeleteObjects: 0.024700 ms)

========================================================================
Received Import Request.
  Time since last request: 516.458776 seconds.
  path: Assets/Prefabs/Arrow.prefab
  artifactKey: Guid(389d6c32b24798449a12d70894ac0d2b) Importer(815301076,1909f56bfc062723c751e8b465ee728b)
Start importing Assets/Prefabs/Arrow.prefab using Guid(389d6c32b24798449a12d70894ac0d2b) Importer(815301076,1909f56bfc062723c751e8b465ee728b)  -> (artifact id: 'f2fbca1d651d2e42728d8da7ba9ef4d0') in 0.072095 seconds
  Import took 0.093556 seconds .

========================================================================
Received Import Request.
  Time since last request: 29.737712 seconds.
  path: ProjectSettings/TagManager.asset
  artifactKey: Guid(00000000000000003000000000000000) Importer(815301076,1909f56bfc062723c751e8b465ee728b)
Start importing ProjectSettings/TagManager.asset using Guid(00000000000000003000000000000000) Importer(815301076,1909f56bfc062723c751e8b465ee728b)  -> (artifact id: 'e98013c881d8c0be246c197fd4f1c8cc') in 0.013173 seconds
  Import took 0.023110 seconds .

========================================================================
Received Import Request.
  Time since last request: 0.001861 seconds.
  path: ProjectSettings/TagManager.asset
  artifactKey: Guid(00000000000000003000000000000000) Importer(815301076,1909f56bfc062723c751e8b465ee728b)
Start importing ProjectSettings/TagManager.asset using Guid(00000000000000003000000000000000) Importer(815301076,1909f56bfc062723c751e8b465ee728b)  -> (artifact id: 'e98013c881d8c0be246c197fd4f1c8cc') in 0.005312 seconds
  Import took 0.009240 seconds .

========================================================================
Received Import Request.
  Time since last request: 13.734894 seconds.
  path: ProjectSettings/TagManager.asset
  artifactKey: Guid(00000000000000003000000000000000) Importer(815301076,1909f56bfc062723c751e8b465ee728b)
Start importing ProjectSettings/TagManager.asset using Guid(00000000000000003000000000000000) Importer(815301076,1909f56bfc062723c751e8b465ee728b)  -> (artifact id: '8d1469df60aa5442679d05e91ef632a1') in 0.004901 seconds
  Import took 0.029798 seconds .

========================================================================
Received Prepare
Registering precompiled user dll's ...
Registered in 0.001041 seconds.
Begin MonoManager ReloadAssembly
Native extension for WindowsStandalone target not found
Native extension for WebGL target not found
Refreshing native plugins compatible for Editor in 0.48 ms, found 1 plugins.
Preloading 0 native plugins for Editor in 0.00 ms.
Mono: successfully reloaded assembly
- Completed reload, in  1.030 seconds
Platform modules already initialized, skipping
Refreshing native plugins compatible for Editor in 0.38 ms, found 1 plugins.
Preloading 0 native plugins for Editor in 0.00 ms.
Unloading 1810 Unused Serialized files (Serialized files now loaded: 0)
System memory in use before: 88.2 MB.
System memory in use after: 88.3 MB.

Unloading 10 unused Assets to reduce memory usage. Loaded Objects now: 2343.
Total: 2.777500 ms (FindLiveObjects: 0.272100 ms CreateObjectMapping: 0.155900 ms MarkObjects: 2.312100 ms  DeleteObjects: 0.035900 ms)

========================================================================
Received Prepare
Registering precompiled user dll's ...
Registered in 0.001505 seconds.
Begin MonoManager ReloadAssembly
Native extension for WindowsStandalone target not found
Native extension for WebGL target not found
Refreshing native plugins compatible for Editor in 0.44 ms, found 1 plugins.
Preloading 0 native plugins for Editor in 0.00 ms.
Mono: successfully reloaded assembly
- Completed reload, in  0.935 seconds
Platform modules already initialized, skipping
Refreshing native plugins compatible for Editor in 0.41 ms, found 1 plugins.
Preloading 0 native plugins for Editor in 0.00 ms.
Unloading 1810 Unused Serialized files (Serialized files now loaded: 0)
System memory in use before: 88.2 MB.
System memory in use after: 88.3 MB.

Unloading 7 unused Assets to reduce memory usage. Loaded Objects now: 2347.
Total: 2.264300 ms (FindLiveObjects: 0.222700 ms CreateObjectMapping: 0.144400 ms MarkObjects: 1.852700 ms  DeleteObjects: 0.030500 ms)

========================================================================
Received Prepare
Registering precompiled user dll's ...
Registered in 0.001037 seconds.
Begin MonoManager ReloadAssembly
Native extension for WindowsStandalone target not found
Native extension for WebGL target not found
Refreshing native plugins compatible for Editor in 0.39 ms, found 1 plugins.
Preloading 0 native plugins for Editor in 0.00 ms.
Mono: successfully reloaded assembly
- Completed reload, in  0.899 seconds
Platform modules already initialized, skipping
Refreshing native plugins compatible for Editor in 0.41 ms, found 1 plugins.
Preloading 0 native plugins for Editor in 0.00 ms.
Unloading 1810 Unused Serialized files (Serialized files now loaded: 0)
System memory in use before: 88.2 MB.
System memory in use after: 88.3 MB.

Unloading 7 unused Assets to reduce memory usage. Loaded Objects now: 2351.
Total: 1.751600 ms (FindLiveObjects: 0.170400 ms CreateObjectMapping: 0.062700 ms MarkObjects: 1.504000 ms  DeleteObjects: 0.013600 ms)

========================================================================
Received Prepare
Registering precompiled user dll's ...
Registered in 0.001081 seconds.
Begin MonoManager ReloadAssembly
Native extension for WindowsStandalone target not found
Native extension for WebGL target not found
Refreshing native plugins compatible for Editor in 0.45 ms, found 1 plugins.
Preloading 0 native plugins for Editor in 0.00 ms.
Mono: successfully reloaded assembly
- Completed reload, in  0.899 seconds
Platform modules already initialized, skipping
Refreshing native plugins compatible for Editor in 0.46 ms, found 1 plugins.
Preloading 0 native plugins for Editor in 0.00 ms.
Unloading 1810 Unused Serialized files (Serialized files now loaded: 0)
System memory in use before: 88.2 MB.
System memory in use after: 88.3 MB.

Unloading 7 unused Assets to reduce memory usage. Loaded Objects now: 2355.
Total: 1.972400 ms (FindLiveObjects: 0.167700 ms CreateObjectMapping: 0.060700 ms MarkObjects: 1.720600 ms  DeleteObjects: 0.022500 ms)

========================================================================
Received Prepare
Registering precompiled user dll's ...
Registered in 0.001527 seconds.
Begin MonoManager ReloadAssembly
Native extension for WindowsStandalone target not found
Native extension for WebGL target not found
Refreshing native plugins compatible for Editor in 0.40 ms, found 1 plugins.
Preloading 0 native plugins for Editor in 0.00 ms.
Mono: successfully reloaded assembly
- Completed reload, in  0.877 seconds
Platform modules already initialized, skipping
Refreshing native plugins compatible for Editor in 0.43 ms, found 1 plugins.
Preloading 0 native plugins for Editor in 0.00 ms.
Unloading 1810 Unused Serialized files (Serialized files now loaded: 0)
System memory in use before: 88.2 MB.
System memory in use after: 88.3 MB.

Unloading 7 unused Assets to reduce memory usage. Loaded Objects now: 2359.
Total: 2.366200 ms (FindLiveObjects: 0.185100 ms CreateObjectMapping: 0.059400 ms MarkObjects: 2.076800 ms  DeleteObjects: 0.034600 ms)

========================================================================
Received Import Request.
  Time since last request: 230.701154 seconds.
  path: Assets/Prefabs/Tower.prefab
  artifactKey: Guid(8670be3f62a53204284e1e3518ca8cfb) Importer(815301076,1909f56bfc062723c751e8b465ee728b)
Start importing Assets/Prefabs/Tower.prefab using Guid(8670be3f62a53204284e1e3518ca8cfb) Importer(815301076,1909f56bfc062723c751e8b465ee728b)  -> (artifact id: '8c2114b38c0c4757874464f6ac7b300d') in 0.052050 seconds
  Import took 0.073345 seconds .

========================================================================
Received Import Request.
  Time since last request: 3.060185 seconds.
  path: Assets/Prefabs/Tower.prefab
  artifactKey: Guid(8670be3f62a53204284e1e3518ca8cfb) Importer(815301076,1909f56bfc062723c751e8b465ee728b)
Start importing Assets/Prefabs/Tower.prefab using Guid(8670be3f62a53204284e1e3518ca8cfb) Importer(815301076,1909f56bfc062723c751e8b465ee728b)  -> (artifact id: 'cc2b46e44e45008c575786f6bad6406c') in 0.015374 seconds
  Import took 0.019574 seconds .

========================================================================
Received Import Request.
  Time since last request: 9.131708 seconds.
  path: Assets/Prefabs/Tower.prefab
  artifactKey: Guid(8670be3f62a53204284e1e3518ca8cfb) Importer(815301076,1909f56bfc062723c751e8b465ee728b)
Start importing Assets/Prefabs/Tower.prefab using Guid(8670be3f62a53204284e1e3518ca8cfb) Importer(815301076,1909f56bfc062723c751e8b465ee728b)  -> (artifact id: 'df60349b624a5e25423ce92751a7113d') in 0.015947 seconds
  Import took 0.038344 seconds .

========================================================================
Received Prepare
Registering precompiled user dll's ...
Registered in 0.001037 seconds.
Begin MonoManager ReloadAssembly
Native extension for WindowsStandalone target not found
Native extension for WebGL target not found
Refreshing native plugins compatible for Editor in 0.39 ms, found 1 plugins.
Preloading 0 native plugins for Editor in 0.00 ms.
Mono: successfully reloaded assembly
- Completed reload, in  0.963 seconds
Platform modules already initialized, skipping
Refreshing native plugins compatible for Editor in 0.46 ms, found 1 plugins.
Preloading 0 native plugins for Editor in 0.00 ms.
Unloading 1810 Unused Serialized files (Serialized files now loaded: 0)
System memory in use before: 88.2 MB.
System memory in use after: 88.3 MB.

Unloading 7 unused Assets to reduce memory usage. Loaded Objects now: 2364.
Total: 2.070500 ms (FindLiveObjects: 0.295300 ms CreateObjectMapping: 0.063300 ms MarkObjects: 1.665900 ms  DeleteObjects: 0.044600 ms)

========================================================================
Received Import Request.
  Time since last request: 173.883324 seconds.
  path: Assets/Prefabs/Tower.prefab
  artifactKey: Guid(8670be3f62a53204284e1e3518ca8cfb) Importer(815301076,1909f56bfc062723c751e8b465ee728b)
Start importing Assets/Prefabs/Tower.prefab using Guid(8670be3f62a53204284e1e3518ca8cfb) Importer(815301076,1909f56bfc062723c751e8b465ee728b)  -> (artifact id: 'e5b1221f47aa3ea1657740f7301922cb') in 0.072804 seconds
  Import took 0.091257 seconds .

========================================================================
Received Import Request.
  Time since last request: 2.074562 seconds.
  path: Assets/Prefabs/Tower.prefab
  artifactKey: Guid(8670be3f62a53204284e1e3518ca8cfb) Importer(815301076,1909f56bfc062723c751e8b465ee728b)
Start importing Assets/Prefabs/Tower.prefab using Guid(8670be3f62a53204284e1e3518ca8cfb) Importer(815301076,1909f56bfc062723c751e8b465ee728b)  -> (artifact id: '9f435ba2b4570ceb8442966c0f6efd91') in 0.013087 seconds
  Import took 0.017743 seconds .

========================================================================
Received Prepare
Registering precompiled user dll's ...
Registered in 0.001532 seconds.
Begin MonoManager ReloadAssembly
Native extension for WindowsStandalone target not found
Native extension for WebGL target not found
Refreshing native plugins compatible for Editor in 0.39 ms, found 1 plugins.
Preloading 0 native plugins for Editor in 0.00 ms.
Mono: successfully reloaded assembly
- Completed reload, in  0.943 seconds
Platform modules already initialized, skipping
Refreshing native plugins compatible for Editor in 0.40 ms, found 1 plugins.
Preloading 0 native plugins for Editor in 0.00 ms.
Unloading 1810 Unused Serialized files (Serialized files now loaded: 0)
System memory in use before: 88.2 MB.
System memory in use after: 88.4 MB.

Unloading 7 unused Assets to reduce memory usage. Loaded Objects now: 2369.
Total: 2.490600 ms (FindLiveObjects: 0.285600 ms CreateObjectMapping: 0.143900 ms MarkObjects: 2.024700 ms  DeleteObjects: 0.035500 ms)

========================================================================
Received Prepare
Registering precompiled user dll's ...
Registered in 0.001049 seconds.
Begin MonoManager ReloadAssembly
Native extension for WindowsStandalone target not found
Native extension for WebGL target not found
Refreshing native plugins compatible for Editor in 0.47 ms, found 1 plugins.
Preloading 0 native plugins for Editor in 0.00 ms.
Mono: successfully reloaded assembly
- Completed reload, in  0.983 seconds
Platform modules already initialized, skipping
Refreshing native plugins compatible for Editor in 0.39 ms, found 1 plugins.
Preloading 0 native plugins for Editor in 0.00 ms.
Unloading 1810 Unused Serialized files (Serialized files now loaded: 0)
System memory in use before: 88.2 MB.
System memory in use after: 88.4 MB.

Unloading 7 unused Assets to reduce memory usage. Loaded Objects now: 2373.
Total: 1.887000 ms (FindLiveObjects: 0.207700 ms CreateObjectMapping: 0.071300 ms MarkObjects: 1.593200 ms  DeleteObjects: 0.013600 ms)

========================================================================
Received Import Request.
  Time since last request: 164.608949 seconds.
  path: Assets/Sprites/Projectiles/arrow.png
  artifactKey: Guid(7794af857b48f2949a2254146885f3c0) Importer(815301076,1909f56bfc062723c751e8b465ee728b)
Start importing Assets/Sprites/Projectiles/arrow.png using Guid(7794af857b48f2949a2254146885f3c0) Importer(815301076,1909f56bfc062723c751e8b465ee728b)  -> (artifact id: '4f69e7c500b4f45c4185d5f5ef536b47') in 0.062471 seconds
  Import took 0.068239 seconds .

========================================================================
Received Prepare
Registering precompiled user dll's ...
Registered in 0.001484 seconds.
Begin MonoManager ReloadAssembly
Native extension for WindowsStandalone target not found
Native extension for WebGL target not found
Refreshing native plugins compatible for Editor in 0.39 ms, found 1 plugins.
Preloading 0 native plugins for Editor in 0.00 ms.
Mono: successfully reloaded assembly
- Completed reload, in  0.930 seconds
Platform modules already initialized, skipping
Refreshing native plugins compatible for Editor in 0.41 ms, found 1 plugins.
Preloading 0 native plugins for Editor in 0.00 ms.
Unloading 1810 Unused Serialized files (Serialized files now loaded: 0)
System memory in use before: 88.3 MB.
System memory in use after: 88.4 MB.

Unloading 7 unused Assets to reduce memory usage. Loaded Objects now: 2378.
Total: 2.079000 ms (FindLiveObjects: 0.193300 ms CreateObjectMapping: 0.064800 ms MarkObjects: 1.773900 ms  DeleteObjects: 0.045900 ms)

========================================================================
Received Import Request.
  Time since last request: 82.853822 seconds.
  path: Assets/Prefabs/Arrow.prefab
  artifactKey: Guid(389d6c32b24798449a12d70894ac0d2b) Importer(815301076,1909f56bfc062723c751e8b465ee728b)
Start importing Assets/Prefabs/Arrow.prefab using Guid(389d6c32b24798449a12d70894ac0d2b) Importer(815301076,1909f56bfc062723c751e8b465ee728b)  -> (artifact id: '2e2846cdacabdb995d30489e9156c29c') in 0.059990 seconds
  Import took 0.063954 seconds .

========================================================================
Received Import Request.
  Time since last request: 3.278142 seconds.
  path: Assets/Prefabs/Tower.prefab
  artifactKey: Guid(8670be3f62a53204284e1e3518ca8cfb) Importer(815301076,1909f56bfc062723c751e8b465ee728b)
Start importing Assets/Prefabs/Tower.prefab using Guid(8670be3f62a53204284e1e3518ca8cfb) Importer(815301076,1909f56bfc062723c751e8b465ee728b)  -> (artifact id: 'de1a1653d8fca052c60eb25ac5615af5') in 0.020388 seconds
  Import took 0.025595 seconds .

========================================================================
Received Prepare
Registering precompiled user dll's ...
Registered in 0.001123 seconds.
Begin MonoManager ReloadAssembly
Native extension for WindowsStandalone target not found
Native extension for WebGL target not found
Refreshing native plugins compatible for Editor in 0.93 ms, found 1 plugins.
Preloading 0 native plugins for Editor in 0.00 ms.
Mono: successfully reloaded assembly
- Completed reload, in  1.015 seconds
Platform modules already initialized, skipping
Refreshing native plugins compatible for Editor in 0.41 ms, found 1 plugins.
Preloading 0 native plugins for Editor in 0.00 ms.
Unloading 1810 Unused Serialized files (Serialized files now loaded: 0)
System memory in use before: 88.3 MB.
System memory in use after: 88.4 MB.

Unloading 7 unused Assets to reduce memory usage. Loaded Objects now: 2383.
Total: 2.210900 ms (FindLiveObjects: 0.274400 ms CreateObjectMapping: 0.143700 ms MarkObjects: 1.777200 ms  DeleteObjects: 0.014800 ms)

========================================================================
Received Prepare
Registering precompiled user dll's ...
Registered in 0.001034 seconds.
Begin MonoManager ReloadAssembly
Native extension for WindowsStandalone target not found
Native extension for WebGL target not found
Refreshing native plugins compatible for Editor in 0.40 ms, found 1 plugins.
Preloading 0 native plugins for Editor in 0.00 ms.
Mono: successfully reloaded assembly
- Completed reload, in  0.958 seconds
Platform modules already initialized, skipping
Refreshing native plugins compatible for Editor in 0.40 ms, found 1 plugins.
Preloading 0 native plugins for Editor in 0.00 ms.
Unloading 1810 Unused Serialized files (Serialized files now loaded: 0)
System memory in use before: 88.3 MB.
System memory in use after: 88.4 MB.

Unloading 7 unused Assets to reduce memory usage. Loaded Objects now: 2387.
Total: 2.163200 ms (FindLiveObjects: 0.257700 ms CreateObjectMapping: 0.065100 ms MarkObjects: 1.792900 ms  DeleteObjects: 0.046700 ms)

========================================================================
Received Prepare
Registering precompiled user dll's ...
Registered in 0.001020 seconds.
Begin MonoManager ReloadAssembly
Native extension for WindowsStandalone target not found
Native extension for WebGL target not found
Refreshing native plugins compatible for Editor in 0.46 ms, found 1 plugins.
Preloading 0 native plugins for Editor in 0.00 ms.
Mono: successfully reloaded assembly
- Completed reload, in  0.937 seconds
Platform modules already initialized, skipping
Refreshing native plugins compatible for Editor in 0.42 ms, found 1 plugins.
Preloading 0 native plugins for Editor in 0.00 ms.
Unloading 1810 Unused Serialized files (Serialized files now loaded: 0)
System memory in use before: 88.3 MB.
System memory in use after: 88.4 MB.

Unloading 7 unused Assets to reduce memory usage. Loaded Objects now: 2391.
Total: 2.611000 ms (FindLiveObjects: 0.241900 ms CreateObjectMapping: 0.064700 ms MarkObjects: 2.290100 ms  DeleteObjects: 0.013400 ms)

========================================================================
Received Import Request.
  Time since last request: 168.323879 seconds.
  path: Assets/Prefabs/Arrow.prefab
  artifactKey: Guid(389d6c32b24798449a12d70894ac0d2b) Importer(815301076,1909f56bfc062723c751e8b465ee728b)
Start importing Assets/Prefabs/Arrow.prefab using Guid(389d6c32b24798449a12d70894ac0d2b) Importer(815301076,1909f56bfc062723c751e8b465ee728b)  -> (artifact id: '470874f1932c0cb08616bd978b40ac9b') in 0.063093 seconds
  Import took 0.067289 seconds .

========================================================================
Received Prepare
Registering precompiled user dll's ...
Registered in 0.001190 seconds.
Begin MonoManager ReloadAssembly
Native extension for WindowsStandalone target not found
Native extension for WebGL target not found
Refreshing native plugins compatible for Editor in 0.39 ms, found 1 plugins.
Preloading 0 native plugins for Editor in 0.00 ms.
Mono: successfully reloaded assembly
- Completed reload, in  0.928 seconds
Platform modules already initialized, skipping
Refreshing native plugins compatible for Editor in 0.40 ms, found 1 plugins.
Preloading 0 native plugins for Editor in 0.00 ms.
Unloading 1810 Unused Serialized files (Serialized files now loaded: 0)
System memory in use before: 88.3 MB.
System memory in use after: 88.4 MB.

Unloading 7 unused Assets to reduce memory usage. Loaded Objects now: 2396.
Total: 2.396900 ms (FindLiveObjects: 0.271100 ms CreateObjectMapping: 0.154000 ms MarkObjects: 1.925500 ms  DeleteObjects: 0.045100 ms)

AssetImportWorkerClient::OnTransportError - code=2 error=End of file
